<?xml version="1.0" encoding="UTF-8"?>
<!-- Generated by org.testng.reporters.JUnitReportReporter -->
<testsuite hostname="LAPTOP-VFRUA80I" failures="0" tests="1" name="Practice.Demo1" time="0.016" errors="0" timestamp="2023-12-02T10:20:54 IST" skipped="0">
  <testcase classname="Practice.Demo1" name="m1" time="0.016"/>
  <system-out/>
</testsuite> <!-- Practice.Demo1 -->
